15=1+1+1+1+1+1+1+1+1+1+1+1+1+1+1
15=1+1+1+1+1+1+1+1+1+1+1+1+1+2
15=1+1+1+1+1+1+1+1+1+1+1+1+3
15=1+1+1+1+1+1+1+1+1+1+1+2+2
15=1+1+1+1+1+1+1+1+1+1+1+4
15=1+1+1+1+1+1+1+1+1+1+2+3
15=1+1+1+1+1+1+1+1+1+1+5
15=1+1+1+1+1+1+1+1+1+2+2+2
15=1+1+1+1+1+1+1+1+1+2+4
15=1+1+1+1+1+1+1+1+1+3+3
15=1+1+1+1+1+1+1+1+1+6
15=1+1+1+1+1+1+1+1+2+2+3
15=1+1+1+1+1+1+1+1+2+5
15=1+1+1+1+1+1+1+1+3+4
15=1+1+1+1+1+1+1+1+7
15=1+1+1+1+1+1+1+2+2+2+2
15=1+1+1+1+1+1+1+2+2+4
15=1+1+1+1+1+1+1+2+3+3
15=1+1+1+1+1+1+1+2+6
15=1+1+1+1+1+1+1+3+5
15=1+1+1+1+1+1+1+4+4
15=1+1+1+1+1+1+1+8
15=1+1+1+1+1+1+2+2+2+3
15=1+1+1+1+1+1+2+2+5
15=1+1+1+1+1+1+2+3+4
15=1+1+1+1+1+1+2+7
15=1+1+1+1+1+1+3+3+3
15=1+1+1+1+1+1+3+6
15=1+1+1+1+1+1+4+5
15=1+1+1+1+1+1+9
15=1+1+1+1+1+2+2+2+2+2
15=1+1+1+1+1+2+2+2+4
15=1+1+1+1+1+2+2+3+3
15=1+1+1+1+1+2+2+6
15=1+1+1+1+1+2+3+5
15=1+1+1+1+1+2+4+4
15=1+1+1+1+1+2+8
15=1+1+1+1+1+3+3+4
15=1+1+1+1+1+3+7
15=1+1+1+1+1+4+6
15=1+1+1+1+1+5+5
15=1+1+1+1+1+10
15=1+1+1+1+2+2+2+2+3
15=1+1+1+1+2+2+2+5
15=1+1+1+1+2+2+3+4
15=1+1+1+1+2+2+7
15=1+1+1+1+2+3+3+3
15=1+1+1+1+2+3+6
15=1+1+1+1+2+4+5
15=1+1+1+1+2+9
15=1+1+1+1+3+3+5
15=1+1+1+1+3+4+4
15=1+1+1+1+3+8
15=1+1+1+1+4+7
15=1+1+1+1+5+6
15=1+1+1+1+11
15=1+1+1+2+2+2+2+2+2
15=1+1+1+2+2+2+2+4
15=1+1+1+2+2+2+3+3
15=1+1+1+2+2+2+6
15=1+1+1+2+2+3+5
15=1+1+1+2+2+4+4
15=1+1+1+2+2+8
15=1+1+1+2+3+3+4
15=1+1+1+2+3+7
15=1+1+1+2+4+6
15=1+1+1+2+5+5
15=1+1+1+2+10
15=1+1+1+3+3+3+3
15=1+1+1+3+3+6
15=1+1+1+3+4+5
15=1+1+1+3+9
15=1+1+1+4+4+4
15=1+1+1+4+8
15=1+1+1+5+7
15=1+1+1+6+6
15=1+1+1+12
15=1+1+2+2+2+2+2+3
15=1+1+2+2+2+2+5
15=1+1+2+2+2+3+4
15=1+1+2+2+2+7
15=1+1+2+2+3+3+3
15=1+1+2+2+3+6
15=1+1+2+2+4+5
15=1+1+2+2+9
15=1+1+2+3+3+5
15=1+1+2+3+4+4
15=1+1+2+3+8
15=1+1+2+4+7
15=1+1+2+5+6
15=1+1+2+11
15=1+1+3+3+3+4
15=1+1+3+3+7
15=1+1+3+4+6
15=1+1+3+5+5
15=1+1+3+10
15=1+1+4+4+5
15=1+1+4+9
15=1+1+5+8
15=1+1+6+7
15=1+1+13
15=1+2+2+2+2+2+2+2
15=1+2+2+2+2+2+4
15=1+2+2+2+2+3+3
15=1+2+2+2+2+6
15=1+2+2+2+3+5
15=1+2+2+2+4+4
15=1+2+2+2+8
15=1+2+2+3+3+4
15=1+2+2+3+7
15=1+2+2+4+6
15=1+2+2+5+5
15=1+2+2+10
15=1+2+3+3+3+3
15=1+2+3+3+6
15=1+2+3+4+5
15=1+2+3+9
15=1+2+4+4+4
15=1+2+4+8
15=1+2+5+7
15=1+2+6+6
15=1+2+12
15=1+3+3+3+5
15=1+3+3+4+4
15=1+3+3+8
15=1+3+4+7
15=1+3+5+6
15=1+3+11
15=1+4+4+6
15=1+4+5+5
15=1+4+10
15=1+5+9
15=1+6+8
15=1+7+7
15=1+14
15=2+2+2+2+2+2+3
15=2+2+2+2+2+5
15=2+2+2+2+3+4
15=2+2+2+2+7
15=2+2+2+3+3+3
15=2+2+2+3+6
15=2+2+2+4+5
15=2+2+2+9
15=2+2+3+3+5
15=2+2+3+4+4
15=2+2+3+8
15=2+2+4+7
15=2+2+5+6
15=2+2+11
15=2+3+3+3+4
15=2+3+3+7
15=2+3+4+6
15=2+3+5+5
15=2+3+10
15=2+4+4+5
15=2+4+9
15=2+5+8
15=2+6+7
15=2+13
15=3+3+3+3+3
15=3+3+3+6
15=3+3+4+5
15=3+3+9
15=3+4+4+4
15=3+4+8
15=3+5+7
15=3+6+6
15=3+12
15=4+4+7
15=4+5+6
15=4+11
15=5+5+5
15=5+10
15=6+9
15=7+8
175
