1 1
1 2
1 3
1 4
2 5
3 6
3 7
2 8
1 9
1 10
2 11
3 12
4 13
3 14
3 15
4 16
5 17
6 16
7 16
8 17
9 18
10 19
11 20
12 21
13 21
14 21
15 22
15 23
16 24
16 25
17 26
16 27
17 28
18 29
18 30
18 31
19 32
19 33
19 34
20 35
21 36
22 37
22 38
21 39
21 40
20 41
19 42
19 43
20 44
21 45
22 45
23 46
24 46
25 47
26 48
26 49
26 50
26 51
27 52
28 52
29 53
29 54
30 55
31 56
32 57
33 58
34 59
35 60
36 59
37 60
38 61
39 62
40 61
41 62
42 63
43 63
44 64
45 65
46 65
47 65
48 66
49 67
50 68
51 69
52 69
53 68
54 67
55 67
56 68
57 68
58 69
59 69
60 70
61 71
61 72
61 73
61 74
62 75
63 76
64 76
65 77
66 77
67 76
68 77
69 78
70 78
71 79
72 80
73 81
74 82
75 81
76 81
77 82
78 83
79 84
80 85
81 86
82 86
83 87
83 88
84 89
85 90
85 91
85 92
86 93
87 92
88 92
89 92
90 93
91 94
92 95
93 96
94 97
95 97
96 98
97 99
98 99
99 100
100 100
