PWD PP
PWD EE
PWD EE
PWD EE
PWD EE
PWD EE
PWD EE
PWD EE
PWD EE
PWD EE
PWD EE
PWD EE
PWD EE
PWD EE
PWD EE
PWD EE
PWD EE
PWD EE
PWD EE
PWD EE
PWD EE
PWD EE
PWD EE
PWD EE
PWD EE
PWD EE
PWD EE
PWD EE
PWD EE
PWD EE
PWD EE
PWD EE
PWD EE
PWD EE
PWD EE
PWD EE
PWD EE
PWD EE
PWD EE
PWD EE
PWD EE
PWD EE
PWD EE
PWD EE
PWD EE
PWD EE
PWD EE
PWD EE
PWD EE
PWD EE
PWD EE
PWD EE
PWD EE
PWD EE
PWD EE
PWD EE
PWD EE
PWD EE
PWD EE
PWD EE
PWD EE
PWD EE
PWD EE
PWD EE
PWD EE
PWD EE
PWD EE
PWD EE
PWD EE
PWD EE
PWD EE
PWD EE
PWD EE
PWD EE
PWD EE
PWD EE
PWD EE
PWD EE
PWD EE
PWD EE
PWD EE
PWD EE
PWD EE
PWD EE
PWD EE
PWD EE
PWD EE
PWD EE
PWD EE
PWD EE
PWD EE
PWD EE
PWD EE
PWD EE
PWD EE
PWD EE
PWD EE
PWD EE
PWD EE
PWD EE
PWD EE
SZW PP
SZW EE
PWDPWD A
