ADASDDASDASDADADASDASDQWREGSDFDJAFHKAGJGFE A
ADASDDASDASDADADASDASDQWREGSDFDJAFHKAGJGFE B
ADASDDASDASDADADASDASDQWREGSDFDJAFHKAGJGFE C
ADASDDASDASDADADASDASDQWREGSDFDJAFHKAGJGFE D
ADASDDASDASDADADASDASDQWREGSDFDJAFHKAGJGFE AE
ADASDDASDASDADADASDASDQWREGSDFDJAFHKAGJGFE G
ADASDDASDASDADADASDASDQWREGSDFDJAFHKAGJGFE H
ADASDDASDASDADADASDASDQWREGSDFDJAFHKAGJGFE Z
ADASDDASDASDADADASDASDQWREGSDFDJAFHKAGJGFE A
ADASDDASDASDADADASDASDQWREGSDFDJAFHKAGJGFE B
ADASDDASDASDADADASDASDQWREGSDFDJAFHKAGJGFE C
ADASDDASDASDADADASDASDQWREGSDFDJAFHKAGJGFE D
ADASDDASDASDADADASDASDQWREGSDFDJAFHKAGJGFE AE
ADASDDASDASDADADASDASDQWREGSDFDJAFHKAGJGFE G
ADASDDASDASDADADASDASDQWREGSDFDJAFHKAGJGFE H
ADASDDASDASDADADASDASDQWREGSDFDJAFHKAGJGFE Z
ADASDDASDASDADADASDASDQWREGSDFDJAFHKAGJGFE A
ADASDDASDASDADADASDASDQWREGSDFDJAFHKAGJGFE B
ADASDDASDASDADADASDASDQWREGSDFDJAFHKAGJGFE C
ADASDDASDASDADADASDASDQWREGSDFDJAFHKAGJGFE D
ADASDDASDASDADADASDASDQWREGSDFDJAFHKAGJGFE AE
ADASDDASDASDADADASDASDQWREGSDFDJAFHKAGJGFE G
ADASDDASDASDADADASDASDQWREGSDFDJAFHKAGJGFE H
ADASDDASDASDADADASDASDQWREGSDFDJAFHKAGJGFE Z
ADASDDASDASDADADASDASDQWREGSDFDJAFHKAGJGFE A
ADASDDASDASDADADASDASDQWREGSDFDJAFHKAGJGFE B
ADASDDASDASDADADASDASDQWREGSDFDJAFHKAGJGFE C
ADASDDASDASDADADASDASDQWREGSDFDJAFHKAGJGFE D
ADASDDASDASDADADASDASDQWREGSDFDJAFHKAGJGFE AE
ADASDDASDASDADADASDASDQWREGSDFDJAFHKAGJGFE G
ADASDDASDASDADADASDASDQWREGSDFDJAFHKAGJGFE H
ADASDDASDASDADADASDASDQWREGSDFDJAFHKAGJGFE Z
ADASDDASDASDADADASDASDQWREGSDFDJAFHKAGJGFE A
ADASDDASDASDADADASDASDQWREGSDFDJAFHKAGJGFE B
ADASDDASDASDADADASDASDQWREGSDFDJAFHKAGJGFE C
ADASDDASDASDADADASDASDQWREGSDFDJAFHKAGJGFE D
ADASDDASDASDADADASDASDQWREGSDFDJAFHKAGJGFE AE
ADASDDASDASDADADASDASDQWREGSDFDJAFHKAGJGFE G
ADASDDASDASDADADASDASDQWREGSDFDJAFHKAGJGFE H
ADASDDASDASDADADASDASDQWREGSDFDJAFHKAGJGFE Z
ADASDDASDASDADADASDASDQWREGSDFDJAFHKAGJGFE A
ADASDDASDASDADADASDASDQWREGSDFDJAFHKAGJGFE B
ADASDDASDASDADADASDASDQWREGSDFDJAFHKAGJGFE C
ADASDDASDASDADADASDASDQWREGSDFDJAFHKAGJGFE D
ADASDDASDASDADADASDASDQWREGSDFDJAFHKAGJGFE AE
ADASDDASDASDADADASDASDQWREGSDFDJAFHKAGJGFE G
ADASDDASDASDADADASDASDQWREGSDFDJAFHKAGJGFE H
ADASDDASDASDADADASDASDQWREGSDFDJAFHKAGJGFE Z
ADASDDASDASDADADASDASDQWREGSDFDJAFHKAGJGFE A
ADASDDASDASDADADASDASDQWREGSDFDJAFHKAGJGFE B
ADASDDASDASDADADASDASDQWREGSDFDJAFHKAGJGFE C
ADASDDASDASDADADASDASDQWREGSDFDJAFHKAGJGFE D
ADASDDASDASDADADASDASDQWREGSDFDJAFHKAGJGFE AE
ADASDDASDASDADADASDASDQWREGSDFDJAFHKAGJGFE G
ADASDDASDASDADADASDASDQWREGSDFDJAFHKAGJGFE H
ADASDDASDASDADADASDASDQWREGSDFDJAFHKAGJGFE Z
ADASDDASDASDADADASDASDQWREGSDFDJAFHKAGJGFE A
ADASDDASDASDADADASDASDQWREGSDFDJAFHKAGJGFE B
ADASDDASDASDADADASDASDQWREGSDFDJAFHKAGJGFE C
ADASDDASDASDADADASDASDQWREGSDFDJAFHKAGJGFE D
ADASDDASDASDADADASDASDQWREGSDFDJAFHKAGJGFE AE
ADASDDASDASDADADASDASDQWREGSDFDJAFHKAGJGFE G
ADASDDASDASDADADASDASDQWREGSDFDJAFHKAGJGFE H
ADASDDASDASDADADASDASDQWREGSDFDJAFHKAGJGFE Z
ADASDDASDASDADADASDASDQWREGSDFDJAFHKAGJGFE A
ADASDDASDASDADADASDASDQWREGSDFDJAFHKAGJGFE B
ADASDDASDASDADADASDASDQWREGSDFDJAFHKAGJGFE C
ADASDDASDASDADADASDASDQWREGSDFDJAFHKAGJGFE D
ADASDDASDASDADADASDASDQWREGSDFDJAFHKAGJGFE AE
ADASDDASDASDADADASDASDQWREGSDFDJAFHKAGJGFE G
ADASDDASDASDADADASDASDQWREGSDFDJAFHKAGJGFE H
ADASDDASDASDADADASDASDQWREGSDFDJAFHKAGJGFE Z
ADASDDASDASDADADASDASDQWREGSDFDJAFHKAGJGFE A
ADASDDASDASDADADASDASDQWREGSDFDJAFHKAGJGFE B
ADASDDASDASDADADASDASDQWREGSDFDJAFHKAGJGFE C
ADASDDASDASDADADASDASDQWREGSDFDJAFHKAGJGFE D
ADASDDASDASDADADASDASDQWREGSDFDJAFHKAGJGFE AE
ADASDDASDASDADADASDASDQWREGSDFDJAFHKAGJGFE G
ADASDDASDASDADADASDASDQWREGSDFDJAFHKAGJGFE H
ADASDDASDASDADADASDASDQWREGSDFDJAFHKAGJGFE Z
ADASDDASDASDADADASDASDQWREGSDFDJAFHKAGJGFE A
ADASDDASDASDADADASDASDQWREGSDFDJAFHKAGJGFE B
ADASDDASDASDADADASDASDQWREGSDFDJAFHKAGJGFE C
ADASDDASDASDADADASDASDQWREGSDFDJAFHKAGJGFE D
ADASDDASDASDADADASDASDQWREGSDFDJAFHKAGJGFE AE
ADASDDASDASDADADASDASDQWREGSDFDJAFHKAGJGFE G
ADASDDASDASDADADASDASDQWREGSDFDJAFHKAGJGFE H
ADASDDASDASDADADASDASDQWREGSDFDJAFHKAGJGFE Z
ADASDDASDASDADADASDASDQWREGSDFDJAFHKAGJGFE A
ADASDDASDASDADADASDASDQWREGSDFDJAFHKAGJGFE B
ADASDDASDASDADADASDASDQWREGSDFDJAFHKAGJGFE C
ADASDDASDASDADADASDASDQWREGSDFDJAFHKAGJGFE D
ADASDDASDASDADADASDASDQWREGSDFDJAFHKAGJGFE AE
ADASDDASDASDADADASDASDQWREGSDFDJAFHKAGJGFE G
ADASDDASDASDADADASDASDQWREGSDFDJAFHKAGJGFE H
ADASDDASDASDADADASDASDQWREGSDFDJAFHKAGJGFE Z
ADASDDASDASDADADASDASDQWREGSDFDJAFHKAGJGFE A
ADASDDASDASDADADASDASDQWREGSDFDJAFHKAGJGFE B
ADASDDASDASDADADASDASDQWREGSDFDJAFHKAGJGFE C
ADASDDASDASDADADASDASDQWREGSDFDJAFHKAGJGFE D
ADASDDASDASDADADASDASDQWREGSDFDJAFHKAGJGFE AE
ADASDDASDASDADADASDASDQWREGSDFDJAFHKAGJGFE G
ADASDDASDASDADADASDASDQWREGSDFDJAFHKAGJGFE H
ADASDDASDASDADADASDASDQWREGSDFDJAFHKAGJGFE Z
ADASDDASDASDADADASDASDQWREGSDFDJAFHKAGJGFE A
ADASDDASDASDADADASDASDQWREGSDFDJAFHKAGJGFE B
ADASDDASDASDADADASDASDQWREGSDFDJAFHKAGJGFE C
ADASDDASDASDADADASDASDQWREGSDFDJAFHKAGJGFE D
ADASDDASDASDADADASDASDQWREGSDFDJAFHKAGJGFE AE
ADASDDASDASDADADASDASDQWREGSDFDJAFHKAGJGFE G
ADASDDASDASDADADASDASDQWREGSDFDJAFHKAGJGFE H
ADASDDASDASDADADASDASDQWREGSDFDJAFHKAGJGFE Z
ADASDDASDASDADADASDASDQWREGSDFDJAFHKAGJGFE A
ADASDDASDASDADADASDASDQWREGSDFDJAFHKAGJGFE B
ADASDDASDASDADADASDASDQWREGSDFDJAFHKAGJGFE C
ADASDDASDASDADADASDASDQWREGSDFDJAFHKAGJGFE D
ADASDDASDASDADADASDASDQWREGSDFDJAFHKAGJGFE AE
ADASDDASDASDADADASDASDQWREGSDFDJAFHKAGJGFE G
ADASDDASDASDADADASDASDQWREGSDFDJAFHKAGJGFE H
ADASDDASDASDADADASDASDQWREGSDFDJAFHKAGJGFE Z
ADASDDASDASDADADASDASDQWREGSDFDJAFHKAGJGFE A
ADASDDASDASDADADASDASDQWREGSDFDJAFHKAGJGFE B
ADASDDASDASDADADASDASDQWREGSDFDJAFHKAGJGFE C
ADASDDASDASDADADASDASDQWREGSDFDJAFHKAGJGFE D
ADASDDASDASDADADASDASDQWREGSDFDJAFHKAGJGFE AE
ADASDDASDASDADADASDASDQWREGSDFDJAFHKAGJGFE G
ADASDDASDASDADADASDASDQWREGSDFDJAFHKAGJGFE H
ADASDDASDASDADADASDASDQWREGSDFDJAFHKAGJGFE Z
ASD ES
ASD SD
ASD SD
ASD D
ASD FD
A AS
A DS
A AS
ZHA SA
ZHA SA
DASF DF
