79 148
77 167
47 347
38 402
2 639
40 386
81 135
25 493
41 378
63 255
23 507
92 45
81 135
10 587
91 55
77 167
99 1
72 201
12 582
71 207
4 625
99 1
75 184
39 394
47 347
44 361
87 94
57 294
26 485
4 625
46 352
23 507
46 352
4 625
33 438
76 177
21 521
52 312
94 31
68 225
44 361
22 516
80 141
95 21
90 63
59 282
58 287
67 227
14 568
78 155
92 45
58 287
88 81
64 250
54 306
36 412
31 456
24 501
30 460
64 250
29 470
40 386
40 386
33 438
36 412
92 45
28 476
12 582
67 227
21 521
40 386
13 578
72 201
48 344
79 148
30 460
61 270
40 386
29 470
78 155
40 386
10 587
36 412
41 378
11 585
75 184
46 352
23 507
28 476
3 634
64 250
88 81
21 521
88 81
78 155
7 610
51 319
17 553
60 278
26 485
25 493
56 298
61 270
61 270
51 319
18 547
25 493
4 625
32 447
33 438
88 81
82 126
52 312
58 287
89 72
47 347
26 485
49 334
4 625
33 438
52 312
57 294
28 476
63 255
91 55
20 531
4 625
2 639
10 587
23 507
88 81
89 72
6 616
10 587
19 543
47 347
55 302
34 430
30 460
82 126
69 219
3 634
7 610
54 306
74 191
84 105
63 255
58 287
3 634
12 582
32 447
78 155
2 639
22 516
36 412
18 547
13 578
89 72
82 126
85 99
38 402
18 547
82 126
62 264
86 95
53 310
27 480
55 302
4 625
34 430
70 215
51 319
0 652
24 501
42 372
50 331
71 207
78 155
78 155
82 126
52 312
42 372
90 63
41 378
83 117
2 639
98 5
32 447
65 246
97 12
95 21
29 470
77 167
78 155
8 604
96 16
98 5
39 394
88 81
39 394
24 501
89 72
60 278
24 501
44 361
25 493
72 201
63 255
90 63
66 238
85 99
48 344
4 625
34 430
22 516
78 155
81 135
34 430
67 227
49 334
83 117
29 470
17 553
14 568
74 191
75 184
39 394
36 412
41 378
67 227
92 45
25 493
93 38
66 238
22 516
37 409
85 99
83 117
58 287
61 270
51 319
35 423
9 598
80 141
88 81
95 21
59 282
90 63
27 480
84 105
94 31
67 227
62 264
54 306
2 639
27 480
93 38
81 135
14 568
13 578
71 207
20 531
77 167
49 334
95 21
67 227
74 191
17 553
67 227
20 531
20 531
84 105
90 63
72 201
10 587
21 521
23 507
19 543
51 319
49 334
93 38
89 72
5 619
8 604
94 31
18 547
59 282
64 250
75 184
1 648
83 117
20 531
77 167
32 447
4 625
88 81
60 278
27 480
77 167
48 344
31 456
14 568
26 485
46 352
88 81
35 423
16 560
8 604
61 270
77 167
36 412
66 238
36 412
45 357
90 63
84 105
99 1
55 302
88 81
95 21
71 207
5 619
88 81
5 619
38 402
86 95
21 521
58 287
30 460
42 372
23 507
39 394
76 177
51 319
32 447
74 191
33 438
75 184
95 21
0 652
83 117
93 38
39 394
62 264
83 117
89 72
15 563
0 652
25 493
80 141
68 225
93 38
10 587
63 255
18 547
71 207
30 460
10 587
96 16
82 126
92 45
80 141
43 368
22 516
30 460
5 619
49 334
26 485
95 21
44 361
83 117
82 126
92 45
71 207
67 227
33 438
78 155
79 148
10 587
47 347
49 334
20 531
73 198
45 357
66 238
41 378
25 493
15 563
57 294
16 560
81 135
92 45
79 148
69 219
7 610
84 105
85 99
95 21
39 394
42 372
20 531
94 31
51 319
30 460
24 501
67 227
54 306
78 155
10 587
17 553
11 585
14 568
43 368
21 521
21 521
72 201
61 270
9 598
33 438
56 298
88 81
36 412
83 117
94 31
65 246
5 619
17 553
74 191
26 485
92 45
84 105
0 652
35 423
5 619
8 604
71 207
43 368
81 135
14 568
73 198
10 587
62 264
92 45
73 198
37 409
46 352
89 72
41 378
90 63
29 470
69 219
7 610
78 155
10 587
95 21
97 12
41 378
84 105
14 568
96 16
0 652
14 568
53 310
49 334
40 386
30 460
34 430
65 246
6 616
33 438
84 105
35 423
86 95
9 598
59 282
91 55
61 270
3 634
41 378
90 63
30 460
3 634
31 456
99 1
20 531
34 430
65 246
92 45
36 412
98 5
74 191
77 167
80 141
64 250
2 639
51 319
20 531
79 148
9 598
89 72
32 447
23 507
20 531
20 531
63 255
84 105
26 485
57 294
34 430
84 105
56 298
31 456
0 652
94 31
85 99
93 38
28 476
80 141
89 72
69 219
96 16
44 361
76 177
1 648
37 409
90 63
70 215
6 616
66 238
69 219
52 312
83 117
70 215
35 423
66 238
91 55
72 201
14 568
39 394
86 95
9 598
97 12
40 386
17 553
32 447
30 460
0 652
36 412
49 334
77 167
23 507
96 16
76 177
8 604
74 191
13 578
35 423
24 501
91 55
18 547
15 563
76 177
85 99
38 402
58 287
1 648
82 126
21 521
25 493
23 507
51 319
15 563
29 470
66 238
43 368
44 361
71 207
7 610
84 105
69 219
52 312
59 282
2 639
50 331
76 177
51 319
50 331
77 167
98 5
14 568
7 610
70 215
17 553
49 334
98 5
75 184
38 402
34 430
51 319
21 521
78 155
67 227
49 334
8 604
2 639
63 255
42 372
79 148
36 412
84 105
45 357
88 81
75 184
19 543
56 298
79 148
9 598
62 264
61 270
52 312
15 563
93 38
55 302
82 126
98 5
26 485
20 531
1 648
38 402
32 447
42 372
44 361
32 447
2 639
91 55
80 141
60 278
76 177
97 12
63 255
95 21
91 55
62 264
16 560
45 357
94 31
27 480
38 402
98 5
63 255
67 227
19 543
33 438
35 423
91 55
51 319
66 238
21 521
