3 726
50 384
56 346
48 399
73 211
97 17
26 557
41 451
87 102
73 211
1 739
27 540
72 220
23 575
75 194
67 262
42 441
27 540
0 743
41 451
0 743
45 421
23 575
42 441
72 220
68 252
30 523
40 460
69 245
27 540
87 102
7 689
36 483
88 90
93 40
57 338
60 314
71 235
34 501
85 121
73 211
13 635
92 48
94 31
58 332
12 644
85 121
0 743
85 121
19 598
90 68
49 393
27 540
58 332
9 666
54 361
99 1
99 1
82 148
40 460
72 220
9 666
25 565
71 235
3 726
70 240
82 148
15 624
5 705
21 586
16 620
36 483
29 529
17 614
10 659
64 285
1 739
55 354
91 56
67 262
58 332
48 399
82 148
60 314
81 152
51 378
90 68
65 276
19 598
79 167
14 627
99 1
0 743
52 366
35 493
91 56
24 569
18 606
72 220
91 56
57 338
27 540
70 240
37 482
89 86
83 137
1 739
65 276
72 220
61 303
59 322
62 298
93 40
99 1
4 712
52 366
81 152
60 314
90 68
19 598
94 31
13 635
30 523
69 245
12 644
70 240
30 523
47 410
14 627
87 102
96 21
9 666
8 679
78 175
19 598
34 501
9 666
30 523
88 90
83 137
19 598
17 614
88 90
55 354
48 399
90 68
64 285
26 557
56 346
62 298
5 705
63 291
40 460
72 220
42 441
28 536
9 666
22 580
58 332
61 303
42 441
22 580
6 699
45 421
85 121
5 705
91 56
41 451
4 712
11 651
79 167
85 121
27 540
87 102
38 474
80 161
74 202
32 511
18 606
65 276
73 211
76 188
92 48
47 410
70 240
52 366
86 111
2 736
62 298
48 399
32 511
51 378
35 493
33 509
34 501
27 540
29 529
52 366
9 666
75 194
11 651
0 743
98 8
90 68
92 48
15 624
5 705
9 666
9 666
65 276
75 194
79 167
73 211
6 699
41 451
89 86
80 161
81 152
42 441
76 188
88 90
61 303
94 31
43 431
14 627
91 56
61 303
38 474
83 137
44 425
31 518
23 575
58 332
8 679
17 614
75 194
45 421
22 580
85 121
56 346
18 606
90 68
89 86
22 580
72 220
29 529
77 181
78 175
29 529
44 425
74 202
14 627
75 194
24 569
90 68
31 518
18 606
92 48
81 152
11 651
68 252
47 410
12 644
47 410
32 511
0 743
25 565
0 743
31 518
43 431
34 501
95 26
20 592
2 736
98 8
75 194
93 40
68 252
21 586
10 659
98 8
92 48
26 557
40 460
50 384
73 211
94 31
79 167
48 399
65 276
44 425
38 474
44 425
8 679
8 679
69 245
41 451
74 202
24 569
13 635
65 276
87 102
48 399
12 644
27 540
93 40
20 592
70 240
33 509
91 56
60 314
77 181
59 322
66 270
94 31
26 557
18 606
61 303
16 620
21 586
95 26
97 17
72 220
91 56
42 441
16 620
40 460
90 68
87 102
85 121
67 262
81 152
36 483
77 181
15 624
57 338
77 181
80 161
61 303
91 56
27 540
11 651
13 635
78 175
39 469
72 220
91 56
99 1
86 111
47 410
62 298
60 314
4 712
36 483
47 410
66 270
38 474
73 211
90 68
42 441
59 322
21 586
23 575
57 338
76 188
13 635
27 540
19 598
60 314
78 175
3 726
9 666
56 346
87 102
34 501
83 137
26 557
76 188
71 235
9 666
7 689
39 469
38 474
3 726
83 137
63 291
60 314
10 659
81 152
26 557
47 410
29 529
40 460
95 26
74 202
50 384
20 592
7 689
4 712
57 338
60 314
27 540
48 399
50 384
72 220
51 378
42 441
30 523
97 17
74 202
80 161
86 111
72 220
86 111
51 378
27 540
91 56
13 635
50 384
93 40
59 322
67 262
59 322
22 580
35 493
14 627
90 68
86 111
48 399
52 366
3 726
65 276
50 384
32 511
43 431
88 90
97 17
88 90
17 614
92 48
84 133
52 366
72 220
51 378
46 418
87 102
69 245
12 644
17 614
90 68
43 431
65 276
3 726
65 276
79 167
67 262
7 689
50 384
81 152
9 666
13 635
79 167
10 659
41 451
98 8
88 90
88 90
24 569
2 736
20 592
11 651
48 399
14 627
96 21
57 338
43 431
0 743
46 418
28 536
74 202
0 743
86 111
78 175
3 726
14 627
35 493
85 121
42 441
10 659
68 252
81 152
21 586
39 469
68 252
43 431
86 111
55 354
91 56
95 26
6 699
93 40
86 111
36 483
48 399
36 483
54 361
86 111
24 569
51 378
83 137
0 743
64 285
45 421
26 557
43 431
98 8
40 460
69 245
27 540
96 21
52 366
59 322
68 252
8 679
61 303
80 161
20 592
4 712
69 245
25 565
96 21
5 705
83 137
99 1
8 679
38 474
53 364
28 536
66 270
4 712
83 137
63 291
49 393
40 460
8 679
29 529
42 441
0 743
28 536
4 712
83 137
49 393
38 474
11 651
72 220
76 188
20 592
50 384
27 540
3 726
10 659
43 431
67 262
11 651
95 26
53 364
71 235
44 425
98 8
56 346
83 137
84 133
91 56
93 40
43 431
92 48
36 483
40 460
27 540
7 689
6 699
55 354
67 262
88 90
24 569
41 451
4 712
83 137
64 285
90 68
78 175
27 540
3 726
84 133
36 483
66 270
58 332
19 598
5 705
52 366
90 68
1 739
4 712
48 399
76 188
94 31
82 148
17 614
69 245
34 501
34 501
4 712
39 469
18 606
90 68
7 689
61 303
59 322
56 346
41 451
80 161
61 303
55 354
55 354
3 726
25 565
79 167
35 493
7 689
13 635
18 606
22 580
74 202
88 90
49 393
36 483
49 393
96 21
94 31
46 418
4 712
79 167
47 410
67 262
35 493
62 298
59 322
32 511
54 361
4 712
4 712
84 133
32 511
98 8
5 705
4 712
16 620
61 303
88 90
66 270
55 354
64 285
90 68
88 90
86 111
68 252
50 384
39 469
59 322
9 666
12 644
81 152
29 529
7 689
99 1
52 366
41 451
38 474
52 366
64 285
34 501
9 666
72 220
27 540
89 86
85 121
8 679
94 31
6 699
56 346
71 235
94 31
18 606
75 194
26 557
13 635
85 121
57 338
23 575
35 493
61 303
21 586
30 523
92 48
19 598
43 431
72 220
7 689
10 659
6 699
44 425
35 493
90 68
36 483
68 252
77 181
31 518
14 627
75 194
49 393
66 270
98 8
85 121
77 181
87 102
31 518
68 252
68 252
52 366
63 291
32 511
90 68
56 346
63 291
77 181
57 338
11 651
74 202
63 291
63 291
73 211
74 202
7 689
85 121
98 8
8 679
12 644
59 322
73 211
90 68
52 366
93 40
8 679
