32 807
68 349
73 285
39 719
58 463
13 1064
87 146
80 216
49 578
55 506
40 702
91 102
53 533
79 229
17 1005
70 318
14 1047
91 102
56 491
31 820
12 1075
77 245
36 751
32 807
89 130
86 158
15 1031
57 479
5 1182
85 169
3 1205
10 1104
46 617
92 92
40 702
7 1154
57 479
95 51
0 1233
58 463
40 702
33 792
48 586
32 807
34 777
59 453
55 506
98 15
88 136
81 207
44 648
21 956
6 1169
2 1215
73 285
44 648
33 792
63 404
41 683
61 424
82 191
97 28
81 207
42 676
11 1090
15 1031
15 1031
57 479
76 253
98 15
91 102
18 998
44 648
47 605
10 1104
52 546
93 79
8 1142
91 102
19 983
34 777
95 51
96 36
33 792
60 438
7 1154
10 1104
10 1104
75 264
41 683
93 79
44 648
65 379
6 1169
2 1215
10 1104
75 264
93 79
49 578
20 963
47 605
7 1154
25 897
48 586
30 832
26 881
66 367
60 438
62 418
11 1090
58 463
24 907
63 404
55 506
59 453
45 633
98 15
68 349
72 299
23 922
30 832
99 1
86 158
10 1104
94 63
9 1127
69 332
31 820
14 1047
86 158
87 146
53 533
22 944
29 839
80 216
45 633
24 907
70 318
43 664
55 506
62 418
44 648
96 36
86 158
82 191
91 102
10 1104
96 36
96 36
17 1005
87 146
17 1005
41 683
22 944
97 28
28 852
97 28
54 519
59 453
63 404
36 751
58 463
1 1223
7 1154
69 332
23 922
40 702
20 963
27 864
78 238
98 15
70 318
55 506
63 404
52 546
20 963
37 739
33 792
76 253
19 983
14 1047
41 683
90 115
79 229
26 881
94 63
26 881
57 479
47 605
44 648
56 491
16 1021
18 998
40 702
46 617
66 367
36 751
64 390
93 79
26 881
32 807
24 907
6 1169
63 404
26 881
15 1031
15 1031
54 519
67 358
50 570
14 1047
76 253
56 491
9 1127
94 63
30 832
60 438
75 264
92 92
54 519
66 367
69 332
51 555
70 318
34 777
70 318
6 1169
2 1215
87 146
85 169
38 730
61 424
1 1223
14 1047
4 1196
20 963
40 702
66 367
44 648
29 839
12 1075
45 633
36 751
22 944
46 617
81 207
82 191
12 1075
23 922
21 956
79 229
37 739
96 36
35 772
44 648
88 136
22 944
54 519
23 922
56 491
70 318
38 730
11 1090
3 1205
27 864
93 79
83 183
25 897
7 1154
34 777
12 1075
27 864
80 216
96 36
41 683
9 1127
56 491
69 332
47 605
40 702
23 922
63 404
56 491
84 176
87 146
7 1154
41 683
10 1104
88 136
33 792
27 864
59 453
13 1064
27 864
93 79
76 253
71 311
41 683
92 92
52 546
92 92
24 907
27 864
79 229
7 1154
9 1127
25 897
18 998
70 318
1 1223
20 963
75 264
36 751
66 367
19 983
71 311
44 648
65 379
87 146
20 963
70 318
86 158
6 1169
36 751
61 424
76 253
4 1196
10 1104
24 907
9 1127
6 1169
75 264
72 299
60 438
4 1196
58 463
97 28
1 1223
37 739
88 136
61 424
29 839
42 676
55 506
2 1215
99 1
19 983
64 390
88 136
45 633
5 1182
82 191
38 730
31 820
73 285
9 1127
8 1142
60 438
67 358
51 555
41 683
51 555
23 922
58 463
74 276
90 115
3 1205
82 191
54 519
20 963
53 533
56 491
11 1090
56 491
92 92
67 358
29 839
99 1
65 379
29 839
86 158
99 1
89 130
69 332
94 63
50 570
95 51
96 36
63 404
12 1075
87 146
90 115
48 586
89 130
60 438
95 51
73 285
73 285
57 479
14 1047
79 229
22 944
68 349
16 1021
22 944
7 1154
59 453
36 751
22 944
77 245
93 79
21 956
53 533
70 318
39 719
69 332
73 285
32 807
37 739
41 683
19 983
17 1005
3 1205
28 852
64 390
52 546
67 358
76 253
27 864
98 15
2 1215
30 832
38 730
94 63
75 264
30 832
76 253
90 115
39 719
4 1196
51 555
76 253
58 463
97 28
23 922
19 983
0 1233
8 1142
7 1154
37 739
79 229
14 1047
82 191
40 702
64 390
76 253
77 245
68 349
12 1075
53 533
11 1090
1 1223
85 169
83 183
64 390
66 367
50 570
50 570
39 719
37 739
31 820
22 944
21 956
11 1090
8 1142
36 751
11 1090
58 463
55 506
0 1233
96 36
25 897
64 390
53 533
74 276
8 1142
25 897
58 463
7 1154
37 739
54 519
0 1233
13 1064
38 730
95 51
36 751
26 881
96 36
64 390
90 115
57 479
63 404
80 216
54 519
69 332
99 1
48 586
14 1047
81 207
23 922
62 418
28 852
4 1196
60 438
25 897
50 570
70 318
96 36
51 555
11 1090
6 1169
94 63
78 238
95 51
5 1182
21 956
24 907
33 792
82 191
53 533
45 633
28 852
60 438
38 730
69 332
41 683
93 79
28 852
10 1104
36 751
45 633
33 792
82 191
93 79
63 404
9 1127
49 578
31 820
53 533
99 1
46 617
13 1064
58 463
13 1064
92 92
37 739
75 264
45 633
7 1154
27 864
34 777
73 285
10 1104
67 358
27 864
84 176
23 922
2 1215
63 404
90 115
77 245
32 807
63 404
94 63
90 115
1 1223
33 792
9 1127
85 169
46 617
29 839
34 777
85 169
59 453
47 605
68 349
27 864
23 922
23 922
28 852
20 963
17 1005
8 1142
59 453
35 772
40 702
86 158
10 1104
5 1182
1 1223
10 1104
44 648
94 63
65 379
83 183
68 349
31 820
11 1090
10 1104
36 751
69 332
10 1104
17 1005
69 332
89 130
82 191
53 533
72 299
71 311
43 664
37 739
72 299
12 1075
47 605
66 367
89 130
19 983
74 276
12 1075
12 1075
88 136
47 605
65 379
20 963
96 36
56 491
61 424
32 807
24 907
52 546
90 115
98 15
96 36
64 390
49 578
60 438
81 207
32 807
92 92
5 1182
5 1182
51 555
17 1005
34 777
7 1154
38 730
67 358
5 1182
87 146
57 479
99 1
6 1169
52 546
26 881
94 63
52 546
8 1142
87 146
73 285
54 519
63 404
70 318
29 839
43 664
82 191
75 264
45 633
14 1047
98 15
36 751
44 648
54 519
33 792
27 864
79 229
22 944
68 349
57 479
3 1205
92 92
82 191
74 276
54 519
23 922
48 586
73 285
24 907
9 1127
78 238
5 1182
80 216
18 998
16 1021
20 963
88 136
18 998
40 702
11 1090
1 1223
29 839
43 664
62 418
22 944
41 683
82 191
14 1047
24 907
99 1
0 1233
48 586
34 777
98 15
13 1064
3 1205
33 792
56 491
73 285
61 424
87 146
99 1
13 1064
46 617
16 1021
31 820
56 491
34 777
89 130
80 216
2 1215
28 852
65 379
51 555
65 379
95 51
36 751
20 963
37 739
48 586
62 418
15 1031
14 1047
67 358
48 586
47 605
72 299
82 191
77 245
77 245
26 881
48 586
7 1154
61 424
9 1127
15 1031
74 276
50 570
35 772
61 424
90 115
82 191
91 102
15 1031
69 332
81 207
20 963
94 63
64 390
56 491
42 676
61 424
58 463
36 751
31 820
15 1031
69 332
94 63
46 617
15 1031
72 299
14 1047
84 176
97 28
12 1075
45 633
55 506
39 719
23 922
24 907
8 1142
20 963
13 1064
17 1005
88 136
19 983
57 479
7 1154
3 1205
99 1
12 1075
77 245
60 438
46 617
93 79
19 983
10 1104
39 719
17 1005
68 349
11 1090
97 28
55 506
83 183
26 881
21 956
94 63
65 379
95 51
42 676
17 1005
46 617
4 1196
15 1031
44 648
48 586
64 390
85 169
26 881
68 349
14 1047
91 102
26 881
19 983
83 183
90 115
25 897
40 702
84 176
28 852
80 216
66 367
0 1233
84 176
46 617
16 1021
13 1064
75 264
9 1127
6 1169
64 390
9 1127
26 881
39 719
94 63
59 453
37 739
6 1169
84 176
51 555
18 998
62 418
66 367
1 1223
45 633
17 1005
24 907
77 245
32 807
90 115
29 839
17 1005
10 1104
53 533
73 285
96 36
14 1047
0 1233
4 1196
27 864
49 578
24 907
23 922
55 506
33 792
38 730
23 922
75 264
78 238
94 63
32 807
15 1031
58 463
99 1
43 664
33 792
40 702
12 1075
23 922
52 546
41 683
87 146
24 907
54 519
27 864
36 751
41 683
14 1047
73 285
8 1142
40 702
21 956
71 311
43 664
88 136
20 963
5 1182
34 777
10 1104
31 820
18 998
49 578
51 555
41 683
23 922
48 586
37 739
40 702
17 1005
80 216
39 719
17 1005
91 102
29 839
94 63
95 51
80 216
86 158
13 1064
13 1064
61 424
36 751
33 792
82 191
25 897
58 463
98 15
41 683
60 438
72 299
80 216
43 664
41 683
79 229
9 1127
15 1031
3 1205
93 79
42 676
16 1021
15 1031
69 332
61 424
11 1090
76 253
5 1182
34 777
45 633
19 983
78 238
16 1021
29 839
20 963
96 36
66 367
45 633
0 1233
67 358
53 533
49 578
93 79
48 586
1 1223
36 751
95 51
64 390
32 807
91 102
4 1196
10 1104
69 332
36 751
34 777
27 864
64 390
59 453
31 820
23 922
81 207
51 555
25 897
93 79
39 719
27 864
20 963
19 983
0 1233
54 519
17 1005
72 299
6 1169
36 751
20 963
82 191
12 1075
14 1047
60 438
83 183
33 792
45 633
49 578
90 115
96 36
85 169
78 238
74 276
17 1005
19 983
80 216
75 264
46 617
5 1182
15 1031
47 605
58 463
34 777
4 1196
95 51
34 777
70 318
90 115
10 1104
73 285
58 463
69 332
42 676
30 832
23 922
20 963
54 519
55 506
19 983
5 1182
46 617
43 664
29 839
47 605
97 28
7 1154
42 676
27 864
8 1142
14 1047
44 648
99 1
92 92
8 1142
2 1215
67 358
58 463
45 633
28 852
41 683
20 963
53 533
28 852
20 963
51 555
6 1169
57 479
51 555
31 820
91 102
47 605
30 832
11 1090
72 299
39 719
9 1127
57 479
87 146
41 683
56 491
24 907
9 1127
19 983
23 922
84 176
46 617
15 1031
55 506
5 1182
44 648
40 702
48 586
48 586
43 664
25 897
65 379
86 158
73 285
55 506
65 379
3 1205
64 390
60 438
23 922
3 1205
16 1021
72 299
60 438
50 570
61 424
23 922
71 311
5 1182
66 367
54 519
34 777
46 617
91 102
86 158
59 453
80 216
88 136
35 772
29 839
72 299
26 881
22 944
48 586
43 664
98 15
65 379
74 276
66 367
16 1021
83 183
36 751
94 63
53 533
22 944
0 1233
72 299
24 907
92 92
56 491
28 852
90 115
90 115
71 311
43 664
80 216
51 555
91 102
47 605
41 683
48 586
63 404
46 617
11 1090
81 207
61 424
6 1169
26 881
48 586
86 158
48 586
51 555
99 1
69 332
10 1104
31 820
35 772
26 881
26 881
33 792
44 648
44 648
48 586
28 852
74 276
12 1075
71 311
12 1075
76 253
39 719
57 479
38 730
27 864
98 15
52 546
98 15
69 332
45 633
75 264
40 702
43 664
78 238
16 1021
63 404
60 438
70 318
61 424
10 1104
99 1
32 807
50 570
95 51
40 702
81 207
83 183
36 751
70 318
0 1233
98 15
8 1142
91 102
79 229
51 555
56 491
32 807
10 1104
46 617
74 276
