88 87
39 436
95 32
41 416
55 325
22 539
22 539
56 317
1 682
88 87
52 344
14 600
29 496
72 202
40 427
13 606
93 48
72 202
96 25
85 110
68 234
37 457
46 377
67 243
80 146
71 211
87 96
0 692
71 211
47 372
43 393
56 317
63 265
57 310
40 427
77 163
55 325
64 259
14 600
16 591
29 496
84 120
2 676
51 352
88 87
46 377
70 216
84 120
11 618
89 75
41 416
81 140
31 485
20 558
6 650
8 633
51 352
19 570
70 216
81 140
86 105
20 558
17 585
10 621
16 591
71 211
38 446
66 253
46 377
67 243
67 243
25 526
52 344
74 184
75 175
67 243
0 692
42 403
98 9
82 134
89 75
50 359
69 225
62 273
28 504
25 526
99 1
43 393
93 48
65 256
42 403
61 279
73 192
83 127
98 9
31 485
94 41
68 234
55 325
92 55
96 25
15 595
93 48
71 211
27 516
42 403
69 225
9 626
73 192
22 539
70 216
77 163
21 549
35 465
40 427
67 243
36 461
79 153
56 317
39 436
27 516
65 256
84 120
92 55
96 25
97 17
98 9
80 146
38 446
14 600
15 595
14 600
20 558
20 558
40 427
68 234
9 626
88 87
77 163
2 676
29 496
13 606
28 504
22 539
62 273
0 692
8 633
8 633
41 416
81 140
42 403
89 75
3 671
63 265
28 504
64 259
4 665
22 539
28 504
77 163
83 127
28 504
92 55
33 475
10 621
63 265
60 290
53 337
43 393
28 504
39 436
77 163
2 676
6 650
21 549
0 692
97 17
21 549
72 202
6 650
78 158
29 496
61 279
9 626
0 692
16 591
26 523
84 120
80 146
51 352
74 184
97 17
61 279
6 650
48 365
21 549
38 446
90 71
8 633
53 337
39 436
31 485
18 579
3 671
35 465
59 296
1 682
13 606
69 225
22 539
19 570
89 75
20 558
82 134
53 337
70 216
55 325
30 491
85 110
90 71
29 496
38 446
86 105
72 202
64 259
64 259
32 479
24 531
85 110
78 158
73 192
85 110
99 1
39 436
32 479
27 516
53 337
31 485
87 96
57 310
86 105
7 645
58 303
56 317
89 75
36 461
94 41
4 665
6 650
94 41
63 265
99 1
93 48
8 633
89 75
60 290
81 140
67 243
44 389
1 682
46 377
72 202
19 570
28 504
91 64
53 337
79 153
2 676
23 538
42 403
73 192
53 337
48 365
64 259
17 585
84 120
20 558
83 127
63 265
65 256
80 146
13 606
38 446
98 9
30 491
18 579
75 175
43 393
91 64
25 526
40 427
78 158
93 48
14 600
42 403
12 616
5 660
18 579
84 120
87 96
89 75
48 365
17 585
9 626
52 344
66 253
44 389
88 87
22 539
15 595
41 416
30 491
33 475
5 660
43 393
19 570
76 170
87 96
72 202
89 75
39 436
67 243
24 531
92 55
75 175
78 158
42 403
61 279
63 265
92 55
19 570
15 595
75 175
69 225
52 344
24 531
21 549
95 32
38 446
57 310
85 110
56 317
48 365
70 216
54 333
76 170
93 48
68 234
73 192
34 471
11 618
31 485
95 32
38 446
27 516
86 105
87 96
39 436
22 539
56 317
17 585
89 75
47 372
62 273
18 579
26 523
42 403
91 64
75 175
88 87
20 558
91 64
76 170
99 1
40 427
74 184
86 105
41 416
30 491
19 570
83 127
13 606
98 9
20 558
61 279
60 290
27 516
45 387
37 457
69 225
92 55
69 225
41 416
32 479
50 359
75 175
29 496
33 475
59 296
57 310
95 32
30 491
31 485
57 310
40 427
62 273
41 416
29 496
73 192
67 243
8 633
60 290
5 660
7 645
99 1
1 682
97 17
46 377
58 303
24 531
74 184
39 436
58 303
95 32
9 626
64 259
94 41
43 393
69 225
79 153
43 393
63 265
88 87
51 352
97 17
35 465
35 465
34 471
79 153
41 416
83 127
4 665
8 633
48 365
56 317
68 234
27 516
6 650
25 526
17 585
72 202
92 55
28 504
55 325
69 225
19 570
88 87
7 645
0 692
97 17
72 202
77 163
1 682
68 234
58 303
1 682
98 9
78 158
28 504
4 665
85 110
74 184
81 140
83 127
58 303
87 96
59 296
75 175
90 71
94 41
63 265
48 365
11 618
52 344
74 184
84 120
72 202
52 344
7 645
36 461
8 633
6 650
20 558
9 626
82 134
61 279
70 216
10 621
68 234
46 377
99 1
22 539
60 290
17 585
62 273
52 344
42 403
80 146
18 579
46 377
3 671
82 134
91 64
58 303
2 676
85 110
61 279
98 9
89 75
95 32
89 75
71 211
14 600
13 606
5 660
25 526
2 676
54 333
83 127
92 55
57 310
70 216
73 192
73 192
76 170
50 359
43 393
39 436
32 479
75 175
81 140
28 504
52 344
73 192
47 372
21 549
20 558
47 372
91 64
61 279
74 184
3 671
18 579
16 591
61 279
39 436
97 17
35 465
45 387
46 377
85 110
42 403
7 645
59 296
85 110
42 403
73 192
8 633
43 393
24 531
15 595
98 9
9 626
66 253
55 325
32 479
1 682
88 87
34 471
61 279
67 243
41 416
20 558
62 273
42 403
91 64
19 570
8 633
46 377
21 549
67 243
29 496
93 48
4 665
76 170
61 279
51 352
12 616
94 41
20 558
70 216
99 1
4 665
6 650
5 660
70 216
37 457
46 377
48 365
95 32
96 25
0 692
13 606
38 446
55 325
41 416
34 471
96 25
6 650
19 570
80 146
57 310
59 296
21 549
82 134
38 446
8 633
99 1
28 504
94 41
53 337
1 682
96 25
8 633
59 296
6 650
54 333
85 110
90 71
60 290
49 363
26 523
10 621
3 671
58 303
49 363
79 153
38 446
97 17
51 352
95 32
44 389
1 682
89 75
50 359
59 296
24 531
51 352
37 457
33 475
54 333
74 184
68 234
96 25
22 539
43 393
32 479
40 427
47 372
87 96
13 606
42 403
87 96
80 146
35 465
55 325
13 606
36 461
92 55
41 416
28 504
21 549
77 163
1 682
27 516
24 531
40 427
10 621
87 96
38 446
82 134
68 234
44 389
95 32
56 317
69 225
75 175
13 606
