56 296
96 20
8 591
86 89
9 581
34 429
77 142
60 260
62 240
50 332
59 267
31 449
75 155
29 461
66 219
9 581
19 526
87 82
36 418
14 555
23 499
14 555
56 296
57 286
30 454
65 227
37 412
35 422
88 75
66 219
97 12
41 387
71 179
27 474
80 123
42 380
38 405
46 353
68 198
44 368
52 317
23 499
35 422
1 623
7 596
82 109
86 89
93 45
66 219
41 387
51 322
30 454
83 101
2 617
94 35
68 198
5 606
9 581
44 368
22 504
1 623
0 632
2 617
45 361
95 25
68 198
8 591
19 526
12 565
32 445
27 474
7 596
82 109
20 518
31 449
79 129
75 155
39 402
61 251
10 575
49 340
55 302
38 405
47 347
21 512
69 193
36 418
14 555
95 25
40 392
25 485
85 93
29 461
59 267
84 97
77 142
80 123
91 59
95 25
27 474
55 302
77 142
94 35
21 512
30 454
56 296
53 315
1 623
62 240
73 167
98 4
0 632
1 623
20 518
95 25
87 82
37 412
34 429
79 129
30 454
47 347
3 610
34 429
17 534
54 308
66 219
57 286
63 233
45 361
27 474
9 581
92 51
17 534
73 167
90 63
86 89
13 561
7 596
73 167
88 75
73 167
64 230
13 561
3 610
30 454
9 581
24 493
17 534
18 531
94 35
61 251
90 63
51 322
2 617
89 67
60 260
2 617
22 504
9 581
22 504
16 542
97 12
10 575
92 51
57 286
83 101
10 575
6 602
50 332
3 610
17 534
38 405
65 227
67 209
70 188
60 260
76 151
57 286
80 123
20 518
73 167
16 542
73 167
57 286
25 485
28 468
34 429
40 392
58 276
70 188
74 158
78 137
51 322
80 123
87 82
50 332
62 240
79 129
62 240
82 109
35 422
34 429
15 552
1 623
48 343
74 158
74 158
73 167
50 332
54 308
52 317
62 240
31 449
9 581
40 392
67 209
94 35
1 623
7 596
95 25
26 483
59 267
98 4
18 531
79 129
12 565
92 51
42 380
69 193
43 374
67 209
12 565
90 63
12 565
51 322
75 155
50 332
58 276
44 368
79 129
34 429
48 343
51 322
26 483
70 188
25 485
8 591
83 101
54 308
62 240
10 575
19 526
62 240
9 581
40 392
28 468
68 198
55 302
67 209
20 518
34 429
61 251
88 75
94 35
80 123
74 158
39 402
42 380
89 67
59 267
44 368
83 101
46 353
45 361
89 67
40 392
58 276
87 82
28 468
7 596
0 632
43 374
39 402
46 353
41 387
19 526
69 193
59 267
85 93
23 499
54 308
92 51
68 198
25 485
1 623
94 35
37 412
47 347
89 67
97 12
67 209
96 20
47 347
83 101
7 596
38 405
3 610
52 317
81 114
92 51
1 623
35 422
70 188
0 632
48 343
66 219
92 51
57 286
95 25
31 449
3 610
24 493
20 518
77 142
1 623
72 175
95 25
74 158
29 461
85 93
41 387
52 317
42 380
58 276
40 392
81 114
72 175
49 340
91 59
22 504
81 114
11 571
34 429
93 45
98 4
11 571
59 267
82 109
68 198
68 198
81 114
25 485
35 422
59 267
98 4
46 353
51 322
77 142
33 441
28 468
64 230
25 485
25 485
34 429
20 518
45 361
19 526
43 374
71 179
90 63
48 343
62 240
16 542
25 485
15 552
46 353
93 45
83 101
83 101
46 353
67 209
40 392
92 51
91 59
87 82
16 542
74 158
16 542
51 322
57 286
59 267
54 308
81 114
69 193
35 422
89 67
29 461
60 260
29 461
67 209
66 219
93 45
27 474
32 445
0 632
85 93
44 368
86 89
63 233
42 380
97 12
58 276
45 361
96 20
14 555
42 380
43 374
6 602
71 179
56 296
61 251
0 632
30 454
43 374
94 35
9 581
62 240
40 392
55 302
15 552
21 512
52 317
59 267
16 542
14 555
72 175
98 4
20 518
98 4
73 167
23 499
40 392
68 198
2 617
12 565
69 193
38 405
58 276
89 67
70 188
2 617
46 353
21 512
37 412
77 142
87 82
17 534
88 75
87 82
95 25
65 227
67 209
95 25
58 276
16 542
10 575
84 97
74 158
61 251
97 12
68 198
32 445
23 499
54 308
60 260
10 575
94 35
66 219
0 632
88 75
79 129
31 449
9 581
22 504
27 474
41 387
44 368
77 142
67 209
79 129
88 75
78 137
78 137
8 591
27 474
81 114
45 361
81 114
13 561
11 571
99 1
57 286
50 332
21 512
81 114
84 97
33 441
30 454
8 591
68 198
17 534
6 602
71 179
78 137
27 474
29 461
62 240
55 302
24 493
71 179
99 1
46 353
76 151
61 251
3 610
5 606
38 405
49 340
24 493
58 276
66 219
5 606
34 429
16 542
61 251
61 251
54 308
17 534
76 151
58 276
22 504
99 1
84 97
58 276
91 59
50 332
24 493
97 12
27 474
0 632
47 347
92 51
71 179
4 609
12 565
33 441
36 418
35 422
63 233
22 504
63 233
28 468
74 158
62 240
79 129
97 12
20 518
77 142
34 429
38 405
68 198
42 380
88 75
50 332
37 412
18 531
71 179
16 542
93 45
40 392
78 137
36 418
28 468
60 260
77 142
97 12
98 4
96 20
57 286
45 361
11 571
24 493
80 123
71 179
93 45
32 445
98 4
29 461
63 233
56 296
17 534
51 322
22 504
74 158
82 109
94 35
61 251
96 20
13 561
63 233
53 315
16 542
55 302
94 35
56 296
64 230
14 555
95 25
89 67
3 610
33 441
60 260
37 412
47 347
57 286
89 67
76 151
21 512
43 374
51 322
71 179
81 114
34 429
83 101
72 175
67 209
63 233
6 602
51 322
