63 126
96 13
43 184
3 322
72 94
88 45
69 104
78 76
8 310
37 211
63 126
99 1
95 15
42 190
24 252
3 322
10 303
39 205
98 7
16 288
88 45
59 136
58 141
37 211
40 199
18 279
95 15
93 25
21 263
23 256
60 131
7 312
59 136
98 7
78 76
65 119
69 104
81 70
54 151
35 218
76 83
52 159
22 260
79 75
51 163
47 174
34 219
87 49
72 94
43 184
85 56
27 241
30 229
27 241
65 119
83 66
74 91
1 328
39 205
18 279
43 184
55 147
42 190
12 297
21 263
75 84
27 241
49 171
41 194
75 84
49 171
32 223
87 49
85 56
54 151
95 15
68 107
62 130
73 92
43 184
71 100
87 49
34 219
31 225
90 37
68 107
27 241
12 297
84 63
85 56
36 215
19 277
5 315
75 84
21 263
98 7
24 252
60 131
30 229
63 126
88 45
17 284
67 111
15 289
94 21
66 117
89 41
15 289
6 313
99 1
26 247
8 310
64 124
94 21
56 146
44 182
45 179
85 56
92 30
71 100
18 279
14 294
40 199
87 49
52 159
64 124
97 12
20 273
37 211
72 94
75 84
99 1
90 37
99 1
93 25
33 221
9 306
57 142
41 194
22 260
96 13
19 277
11 302
86 53
31 225
85 56
17 284
40 199
75 84
95 15
40 199
46 177
15 289
65 119
57 142
4 319
40 199
24 252
38 208
32 223
51 163
31 225
98 7
4 319
30 229
26 247
69 104
38 208
31 225
77 80
5 315
57 142
47 174
21 263
78 76
17 284
39 205
43 184
60 131
73 92
67 111
21 263
51 163
23 256
72 94
68 107
38 208
0 331
28 235
26 247
44 182
28 235
47 174
17 284
55 147
12 297
0 331
13 296
9 306
53 155
21 263
43 184
57 142
12 297
75 84
89 41
10 303
77 80
85 56
12 297
82 68
21 263
18 279
3 322
1 328
59 136
9 306
26 247
55 147
28 235
85 56
59 136
15 289
1 328
65 119
71 100
10 303
41 194
33 221
20 273
92 30
36 215
94 21
66 117
93 25
67 111
67 111
80 74
54 151
81 70
84 63
28 235
21 263
78 76
63 126
21 263
2 327
14 294
37 211
92 30
88 45
27 241
54 151
53 155
48 173
51 163
68 107
28 235
51 163
0 331
5 315
20 273
26 247
81 70
23 256
82 68
53 155
86 53
51 163
65 119
92 30
46 177
81 70
60 131
6 313
28 235
15 289
40 199
99 1
51 163
92 30
20 273
41 194
55 147
84 63
18 279
5 315
45 179
9 306
53 155
42 190
45 179
59 136
60 131
86 53
89 41
71 100
95 15
29 234
52 159
0 331
92 30
3 322
24 252
72 94
3 322
77 80
41 194
22 260
95 15
30 229
72 94
67 111
93 25
94 21
90 37
98 7
42 190
83 66
89 41
99 1
36 215
0 331
23 256
52 159
4 319
50 170
92 30
27 241
30 229
93 25
75 84
90 37
21 263
67 111
