33 462
58 299
55 320
89 70
94 36
15 580
17 569
91 61
21 542
75 168
88 76
53 332
55 320
91 61
15 580
45 369
46 364
56 312
88 76
28 500
86 86
84 100
27 507
53 332
64 259
24 528
37 433
78 146
65 254
42 397
94 36
6 635
21 542
80 131
87 83
11 600
72 194
58 299
88 76
92 51
37 433
53 332
25 520
57 305
5 641
68 228
30 488
42 397
62 275
84 100
0 674
85 91
25 520
58 299
46 364
72 194
25 520
72 194
84 100
7 624
58 299
80 131
79 139
21 542
76 156
47 358
17 569
73 180
23 533
78 146
54 327
19 554
62 275
45 369
27 507
48 354
46 364
41 402
30 488
14 587
30 488
64 259
2 664
68 228
70 211
50 342
56 312
33 462
60 287
34 455
3 654
59 292
13 592
85 91
4 647
69 220
23 533
43 386
57 305
93 43
94 36
36 443
27 507
32 472
73 180
80 131
97 13
7 624
3 654
62 275
79 139
95 31
70 211
96 21
15 580
7 624
47 358
64 259
30 488
36 443
90 66
11 600
90 66
77 153
28 500
43 386
51 340
41 402
74 174
19 554
36 443
86 86
63 268
15 580
79 139
7 624
66 246
61 283
20 551
76 156
65 254
74 174
33 462
72 194
18 561
26 511
69 220
67 240
56 312
63 268
71 201
33 462
53 332
43 386
82 116
75 168
25 520
55 320
55 320
81 122
60 287
39 418
21 542
63 268
48 354
92 51
43 386
4 647
57 305
65 254
54 327
64 259
67 240
81 122
81 122
41 402
34 455
0 674
75 168
44 379
99 1
36 443
76 156
25 520
41 402
9 609
62 275
92 51
73 180
24 528
85 91
13 592
3 654
76 156
28 500
74 174
34 455
31 482
82 116
96 21
82 116
76 156
73 180
79 139
39 418
76 156
2 664
22 541
29 495
10 606
86 86
3 654
78 146
58 299
71 201
58 299
68 228
98 7
26 511
4 647
40 413
68 228
35 451
9 609
69 220
70 211
85 91
30 488
13 592
23 533
17 569
5 641
96 21
53 332
93 43
66 246
19 554
7 624
73 180
43 386
68 228
21 542
68 228
2 664
39 418
66 246
43 386
97 13
32 472
73 180
78 146
83 109
93 43
31 482
96 21
93 43
87 83
8 616
29 495
7 624
8 616
80 131
98 7
72 194
77 153
60 287
76 156
59 292
45 369
81 122
97 13
52 338
35 451
68 228
64 259
3 654
88 76
51 340
73 180
23 533
86 86
67 240
71 201
37 433
78 146
18 561
17 569
69 220
33 462
47 358
11 600
49 350
85 91
7 624
39 418
50 342
83 109
38 428
96 21
68 228
26 511
31 482
6 635
78 146
70 211
0 674
30 488
64 259
41 402
62 275
39 418
98 7
34 455
59 292
32 472
2 664
37 433
21 542
80 131
26 511
71 201
86 86
56 312
32 472
6 635
32 472
48 354
9 609
31 482
67 240
5 641
27 507
41 402
76 156
92 51
99 1
61 283
69 220
67 240
79 139
84 100
74 174
44 379
32 472
68 228
98 7
38 428
50 342
15 580
23 533
24 528
62 275
52 338
66 246
39 418
28 500
8 616
74 174
59 292
3 654
88 76
34 455
29 495
42 397
40 413
65 254
12 598
8 616
19 554
66 246
18 561
70 211
68 228
85 91
20 551
20 551
32 472
44 379
4 647
17 569
32 472
33 462
85 91
66 246
14 587
35 451
76 156
46 364
31 482
42 397
70 211
31 482
44 379
0 674
78 146
80 131
41 402
98 7
49 350
50 342
41 402
28 500
75 168
59 292
16 576
80 131
63 268
37 433
25 520
92 51
94 36
3 654
8 616
14 587
60 287
3 654
79 139
44 379
95 31
24 528
47 358
4 647
4 647
44 379
37 433
1 672
71 201
9 609
97 13
2 664
79 139
47 358
11 600
94 36
2 664
37 433
89 70
73 180
62 275
73 180
97 13
83 109
16 576
45 369
63 268
23 533
8 616
23 533
24 528
57 305
5 641
99 1
3 654
83 109
82 116
8 616
64 259
80 131
73 180
96 21
36 443
29 495
11 600
9 609
33 462
81 122
16 576
88 76
83 109
68 228
1 672
71 201
18 561
96 21
59 292
5 641
60 287
39 418
49 350
92 51
13 592
75 168
21 542
76 156
81 122
59 292
19 554
38 428
5 641
17 569
91 61
7 624
50 342
21 542
76 156
90 66
95 31
45 369
4 647
68 228
66 246
88 76
90 66
19 554
13 592
84 100
18 561
84 100
92 51
99 1
64 259
57 305
61 283
42 397
43 386
89 70
95 31
73 180
23 533
98 7
92 51
73 180
45 369
41 402
71 201
7 624
70 211
96 21
9 609
81 122
71 201
93 43
37 433
54 327
71 201
21 542
57 305
10 606
69 220
15 580
95 31
63 268
96 21
45 369
6 635
41 402
44 379
8 616
70 211
85 91
99 1
0 674
81 122
12 598
67 240
26 511
66 246
46 364
18 561
82 116
34 455
93 43
96 21
83 109
6 635
38 428
43 386
65 254
84 100
39 418
33 462
56 312
69 220
82 116
49 350
38 428
2 664
97 13
43 386
99 1
93 43
50 342
45 369
40 413
75 168
37 433
34 455
26 511
72 194
84 100
3 654
15 580
55 320
26 511
71 201
18 561
11 600
39 418
39 418
55 320
40 413
83 109
77 153
73 180
54 327
32 472
56 312
63 268
26 511
74 174
36 443
28 500
94 36
45 369
56 312
26 511
72 194
29 495
33 462
70 211
97 13
25 520
41 402
85 91
40 413
32 472
64 259
50 342
33 462
13 592
81 122
7 624
30 488
89 70
9 609
93 43
57 305
47 358
43 386
28 500
6 635
43 386
36 443
25 520
35 451
37 433
53 332
54 327
14 587
7 624
97 13
16 576
17 569
62 275
36 443
55 320
45 369
2 664
92 51
91 61
87 83
73 180
56 312
89 70
10 606
14 587
18 561
76 156
91 61
48 354
69 220
61 283
89 70
84 100
94 36
92 51
50 342
19 554
