42 407
52 333
3 679
92 42
47 369
29 506
58 289
22 555
80 129
0 711
16 596
76 157
3 679
53 326
64 240
81 113
73 179
57 298
72 185
42 407
49 351
22 555
66 220
49 351
97 8
50 344
38 444
22 555
9 637
85 80
59 277
38 444
38 444
65 231
62 258
12 616
7 649
70 198
40 425
8 644
21 566
83 99
48 363
14 608
72 185
55 310
41 417
58 289
59 277
27 517
81 113
9 637
68 208
82 106
66 220
76 157
45 375
34 466
24 541
24 541
14 608
59 277
55 310
98 4
57 298
94 24
26 525
27 517
2 692
24 541
81 113
31 495
74 173
2 692
23 548
86 74
86 74
43 399
67 215
19 579
80 129
4 670
67 215
88 61
18 586
32 483
9 637
53 326
26 525
28 511
81 113
64 240
65 231
80 129
92 42
93 29
66 220
26 525
20 570
59 277
65 231
94 24
60 268
11 621
49 351
36 459
41 417
12 616
43 399
82 106
60 268
58 289
72 185
73 179
34 466
27 517
24 541
93 29
82 106
42 407
64 240
19 579
78 141
38 444
33 475
19 579
45 375
87 67
2 692
10 627
95 16
11 621
77 146
58 289
69 202
28 511
52 333
15 602
66 220
96 13
25 534
52 333
54 319
73 179
6 658
42 407
15 602
49 351
27 517
0 711
13 612
45 375
86 74
84 93
74 173
22 555
16 596
89 57
2 692
40 425
5 663
50 344
31 495
35 464
71 191
1 703
44 385
34 466
96 13
59 277
23 548
22 555
69 202
64 240
60 268
91 51
92 42
42 407
69 202
68 208
56 303
55 310
47 369
93 29
58 289
22 555
58 289
44 385
88 61
77 146
63 252
81 113
87 67
5 663
37 454
99 1
74 173
50 344
34 466
9 637
29 506
18 586
31 495
26 525
31 495
10 627
31 495
71 191
8 644
66 220
20 570
75 164
94 24
6 658
3 679
49 351
10 627
62 258
44 385
44 385
85 80
76 157
5 663
68 208
28 511
27 517
79 136
87 67
57 298
34 466
98 4
66 220
2 692
93 29
3 679
56 303
55 310
56 303
2 692
39 433
3 679
93 29
16 596
10 627
7 649
6 658
45 375
11 621
79 136
16 596
47 369
15 602
93 29
54 319
51 340
26 525
7 649
93 29
60 268
95 16
83 99
32 483
40 425
83 99
5 663
47 369
81 113
44 385
1 703
3 679
49 351
54 319
93 29
60 268
38 444
65 231
85 80
15 602
85 80
6 658
73 179
59 277
4 670
27 517
83 99
18 586
33 475
48 363
81 113
71 191
1 703
7 649
33 475
22 555
77 146
74 173
28 511
29 506
3 679
39 433
84 93
66 220
97 8
72 185
34 466
63 252
57 298
44 385
2 692
0 711
76 157
62 258
99 1
19 579
85 80
37 454
14 608
52 333
64 240
20 570
38 444
48 363
60 268
19 579
43 399
24 541
68 208
45 375
64 240
18 586
1 703
3 679
41 417
63 252
45 375
49 351
49 351
21 566
42 407
4 670
87 67
38 444
53 326
39 433
39 433
54 319
49 351
18 586
31 495
77 146
67 215
68 208
38 444
41 417
48 363
43 399
33 475
3 679
85 80
10 627
45 375
44 385
65 231
82 106
28 511
86 74
5 663
73 179
99 1
10 627
55 310
11 621
51 340
44 385
93 29
61 266
39 433
37 454
56 303
88 61
66 220
25 534
10 627
42 407
41 417
53 326
77 146
76 157
43 399
95 16
13 612
7 649
39 433
31 495
21 566
70 198
85 80
36 459
69 202
32 483
17 593
63 252
54 319
54 319
32 483
75 164
51 340
88 61
20 570
75 164
91 51
49 351
3 679
0 711
6 658
32 483
15 602
81 113
20 570
92 42
0 711
75 164
11 621
46 373
81 113
60 268
49 351
77 146
40 425
89 57
38 444
10 627
32 483
40 425
59 277
2 692
80 129
27 517
27 517
41 417
70 198
25 534
33 475
19 579
81 113
44 385
78 141
89 57
59 277
45 375
40 425
84 93
85 80
60 268
87 67
30 502
12 616
3 679
59 277
98 4
8 644
24 541
59 277
60 268
83 99
20 570
81 113
69 202
5 663
39 433
1 703
10 627
13 612
70 198
58 289
0 711
58 289
12 616
30 502
64 240
14 608
20 570
1 703
29 506
67 215
77 146
26 525
66 220
76 157
55 310
93 29
36 459
22 555
65 231
56 303
0 711
45 375
76 157
64 240
57 298
32 483
87 67
30 502
16 596
44 385
52 333
34 466
7 649
44 385
62 258
43 399
7 649
20 570
74 173
92 42
49 351
95 16
23 548
23 548
24 541
85 80
69 202
82 106
53 326
39 433
10 627
34 466
11 621
25 534
4 670
44 385
80 129
8 644
93 29
81 113
80 129
29 506
35 464
62 258
4 670
68 208
26 525
8 644
33 475
21 566
1 703
96 13
18 586
44 385
37 454
50 344
7 649
23 548
20 570
23 548
52 333
28 511
25 534
72 185
42 407
4 670
59 277
85 80
36 459
32 483
46 373
34 466
52 333
2 692
40 425
65 231
71 191
50 344
81 113
61 266
26 525
32 483
78 141
25 534
91 51
9 637
32 483
95 16
51 340
42 407
77 146
71 191
89 57
88 61
90 55
62 258
75 164
62 258
81 113
48 363
71 191
23 548
17 593
82 106
86 74
32 483
15 602
32 483
72 185
25 534
39 433
50 344
30 502
39 433
16 596
88 61
71 191
65 231
64 240
55 310
56 303
97 8
63 252
78 141
68 208
62 258
90 55
77 146
56 303
55 310
75 164
53 326
79 136
22 555
43 399
92 42
64 240
94 24
95 16
78 141
19 579
83 99
55 310
4 670
93 29
92 42
9 637
84 93
80 129
81 113
92 42
5 663
22 555
13 612
95 16
92 42
41 417
17 593
48 363
64 240
63 252
3 679
33 475
50 344
7 649
22 555
75 164
12 616
4 670
66 220
41 417
79 136
4 670
2 692
26 525
58 289
91 51
84 93
45 375
77 146
85 80
9 637
85 80
98 4
82 106
54 319
77 146
86 74
44 385
74 173
33 475
83 99
42 407
65 231
2 692
81 113
79 136
64 240
67 215
3 679
85 80
94 24
36 459
75 164
39 433
43 399
87 67
97 8
37 454
75 164
1 703
59 277
38 444
53 326
18 586
97 8
66 220
84 93
40 425
95 16
93 29
73 179
