48 375
37 449
48 375
97 15
13 631
91 68
90 75
76 166
8 663
61 272
36 456
66 234
98 9
42 422
51 352
99 1
95 29
10 647
24 554
84 112
18 598
60 282
71 203
60 282
55 320
21 578
80 139
19 593
31 495
90 75
71 203
57 303
61 272
80 139
40 435
90 75
9 652
65 244
7 672
61 272
80 139
14 622
46 395
31 495
75 175
3 706
45 402
26 537
37 449
82 126
49 364
22 566
22 566
95 29
16 613
18 598
5 692
52 343
28 520
65 244
76 166
37 449
54 332
82 126
63 262
46 395
93 45
54 332
82 126
32 485
3 706
30 505
39 437
88 88
62 270
45 402
47 388
54 332
23 562
31 495
99 1
93 45
84 112
34 475
22 566
44 411
79 147
55 320
86 100
48 375
43 416
28 520
8 663
55 320
41 432
29 511
20 586
93 45
6 684
92 53
56 313
16 613
4 697
66 234
68 220
21 578
29 511
63 262
1 718
0 725
69 215
81 134
42 422
61 272
78 154
92 53
92 53
45 402
64 253
84 112
57 303
59 293
68 220
55 320
75 175
48 375
83 120
8 663
50 357
91 68
16 613
81 134
51 352
73 191
58 299
73 191
66 234
3 706
31 495
57 303
55 320
78 154
94 40
4 697
4 697
48 375
58 299
84 112
71 203
43 416
34 475
7 672
57 303
51 352
95 29
70 208
30 505
55 320
85 106
65 244
19 593
1 718
35 468
44 411
24 554
66 234
74 183
92 53
51 352
79 147
95 29
72 197
60 282
61 272
98 9
89 84
11 639
11 639
21 578
3 706
95 29
50 357
6 684
63 262
44 411
45 402
22 566
10 647
55 320
22 566
42 422
68 220
9 652
2 714
14 622
49 364
93 45
92 53
84 112
18 598
54 332
13 631
85 106
67 228
28 520
64 253
74 183
19 593
70 208
53 339
42 422
92 53
0 725
82 126
59 293
9 652
93 45
49 364
83 120
22 566
0 725
91 68
75 175
47 388
18 598
28 520
14 622
76 166
11 639
88 88
7 672
11 639
55 320
21 578
46 395
46 395
11 639
98 9
70 208
74 183
0 725
4 697
31 495
68 220
22 566
59 293
26 537
39 437
56 313
23 562
90 75
98 9
43 416
47 388
96 23
64 253
24 554
65 244
66 234
18 598
31 495
88 88
91 68
91 68
50 357
7 672
22 566
57 303
21 578
82 126
57 303
95 29
75 175
6 684
76 166
94 40
29 511
36 456
31 495
68 220
5 692
46 395
60 282
11 639
66 234
74 183
36 456
74 183
58 299
87 98
15 620
10 647
36 456
0 725
74 183
75 175
19 593
94 40
36 456
93 45
70 208
69 215
68 220
49 364
46 395
28 520
7 672
14 622
53 339
38 442
57 303
45 402
60 282
20 586
52 343
8 663
79 147
95 29
24 554
90 75
28 520
16 613
4 697
64 253
73 191
2 714
45 402
38 442
86 100
27 532
85 106
93 45
70 208
83 120
55 320
32 485
17 609
54 332
57 303
12 636
26 537
29 511
8 663
9 652
21 578
95 29
67 228
49 364
28 520
4 697
7 672
91 68
30 505
33 479
26 537
8 663
60 282
8 663
27 532
89 84
63 262
67 228
4 697
38 442
65 244
52 343
97 15
36 456
35 468
56 313
69 215
89 84
48 375
73 191
81 134
96 23
72 197
80 139
45 402
39 437
24 554
59 293
26 537
49 364
3 706
69 215
9 652
79 147
76 166
99 1
26 537
22 566
42 422
95 29
2 714
54 332
32 485
72 197
94 40
82 126
38 442
25 547
24 554
52 343
79 147
37 449
64 253
70 208
82 126
99 1
97 15
29 511
6 684
61 272
44 411
97 15
73 191
78 154
88 88
25 547
0 725
31 495
6 684
72 197
64 253
18 598
67 228
83 120
77 161
74 183
7 672
17 609
74 183
75 175
49 364
90 75
52 343
95 29
68 220
92 53
97 15
31 495
48 375
79 147
52 343
42 422
50 357
29 511
16 613
62 270
76 166
72 197
78 154
92 53
92 53
56 313
83 120
55 320
54 332
9 652
9 652
64 253
52 343
82 126
5 692
36 456
6 684
33 479
25 547
85 106
26 537
13 631
50 357
9 652
57 303
30 505
1 718
9 652
87 98
71 203
18 598
14 622
88 88
26 537
21 578
10 647
32 485
28 520
40 435
49 364
64 253
90 75
69 215
80 139
68 220
48 375
80 139
25 547
99 1
27 532
60 282
20 586
66 234
49 364
86 100
86 100
61 272
96 23
25 547
36 456
60 282
39 437
16 613
10 647
85 106
2 714
5 692
76 166
61 272
67 228
56 313
61 272
0 725
36 456
27 532
63 262
88 88
47 388
27 532
14 622
9 652
28 520
15 620
80 139
3 706
77 161
67 228
32 485
4 697
44 411
96 23
65 244
93 45
12 636
66 234
50 357
66 234
29 511
6 684
28 520
8 663
45 402
33 479
7 672
78 154
63 262
89 84
60 282
99 1
7 672
58 299
26 537
56 313
34 475
48 375
17 609
9 652
0 725
39 437
72 197
1 718
11 639
50 357
77 161
37 449
98 9
36 456
49 364
36 456
77 161
65 244
64 253
92 53
99 1
25 547
55 320
20 586
1 718
22 566
53 339
14 622
81 134
34 475
7 672
63 262
23 562
18 598
14 622
49 364
18 598
28 520
85 106
76 166
83 120
24 554
24 554
1 718
33 479
47 388
45 402
42 422
32 485
20 586
25 547
90 75
92 53
99 1
92 53
84 112
92 53
97 15
60 282
37 449
20 586
29 511
19 593
35 468
86 100
80 139
32 485
47 388
28 520
76 166
1 718
98 9
91 68
52 343
26 537
48 375
14 622
61 272
96 23
73 191
90 75
12 636
18 598
33 479
48 375
38 442
60 282
6 684
88 88
48 375
38 442
59 293
0 725
37 449
79 147
43 416
92 53
88 88
63 262
78 154
81 134
42 422
38 442
35 468
75 175
3 706
71 203
35 468
32 485
32 485
43 416
57 303
22 566
77 161
21 578
46 395
55 320
8 663
53 339
31 495
51 352
42 422
75 175
65 244
30 505
96 23
23 562
4 697
84 112
65 244
3 706
47 388
97 15
66 234
33 479
70 208
56 313
42 422
18 598
5 692
7 672
22 566
17 609
29 511
48 375
88 88
16 613
13 631
94 40
92 53
84 112
7 672
59 293
11 639
35 468
30 505
41 432
32 485
43 416
41 432
86 100
95 29
52 343
13 631
88 88
36 456
78 154
20 586
97 15
35 468
