4 519
63 194
41 327
15 454
85 76
52 253
86 70
21 422
44 312
35 353
94 19
54 247
59 217
0 533
41 327
51 262
93 26
71 147
68 166
82 90
66 174
6 502
11 473
17 444
56 236
60 211
79 105
65 179
43 314
73 132
18 441
63 194
11 473
51 262
1 526
50 277
36 349
68 166
74 127
85 76
27 399
33 368
97 10
50 277
11 473
70 154
91 45
47 296
90 52
63 194
73 132
39 336
9 488
10 480
51 262
61 206
5 511
6 502
65 179
77 112
92 33
8 491
38 339
67 170
60 211
48 288
14 460
84 81
22 417
34 362
67 170
38 339
73 132
97 10
16 450
95 16
83 87
80 100
42 323
77 112
56 236
55 241
24 410
64 185
11 473
69 161
77 112
57 230
58 224
43 314
51 262
30 380
21 422
19 435
74 127
74 127
5 511
70 154
29 385
94 19
33 368
90 52
8 491
75 121
18 441
5 511
43 314
6 502
99 1
26 404
30 380
70 154
99 1
45 304
49 284
29 385
6 502
28 391
38 339
21 422
50 277
51 262
92 33
84 81
43 314
66 174
14 460
82 90
76 120
64 185
53 250
51 262
19 435
92 33
47 296
68 166
66 174
35 353
29 385
22 417
92 33
59 217
90 52
64 185
64 185
35 353
99 1
36 349
48 288
94 19
21 422
86 70
16 450
77 112
33 368
64 185
48 288
56 236
52 253
37 345
28 391
20 430
84 81
19 435
70 154
52 253
41 327
6 502
89 60
72 140
47 296
11 473
48 288
85 76
6 502
45 304
53 250
97 10
19 435
15 454
71 147
18 441
87 65
23 416
62 202
75 121
46 301
81 95
81 95
22 417
85 76
94 19
16 450
92 33
43 314
27 399
64 185
1 526
57 230
16 450
19 435
3 520
96 13
38 339
1 526
90 52
63 194
41 327
39 336
73 132
73 132
94 19
93 26
7 498
71 147
52 253
55 241
99 1
90 52
51 262
35 353
80 100
60 211
90 52
30 380
77 112
8 491
29 385
24 410
24 410
31 374
75 121
25 407
86 70
65 179
94 19
33 368
55 241
25 407
59 217
62 202
42 323
20 430
87 65
13 466
90 52
50 277
6 502
59 217
6 502
13 466
43 314
48 288
34 362
87 65
36 349
89 60
35 353
83 87
80 100
57 230
58 224
13 466
1 526
5 511
43 314
65 179
67 170
10 480
40 333
27 399
15 454
91 45
83 87
72 140
80 100
11 473
15 454
8 491
55 241
10 480
92 33
61 206
60 211
10 480
40 333
58 224
88 62
81 95
66 174
27 399
21 422
21 422
92 33
52 253
92 33
93 26
7 498
69 161
38 339
78 108
28 391
9 488
41 327
28 391
81 95
38 339
48 288
51 262
82 90
32 373
58 224
35 353
52 253
63 194
30 380
28 391
73 132
2 523
50 277
58 224
73 132
25 407
26 404
51 262
5 511
47 296
24 410
51 262
10 480
37 345
82 90
35 353
57 230
93 26
78 108
75 121
92 33
46 301
28 391
13 466
43 314
90 52
44 312
69 161
91 45
10 480
10 480
21 422
31 374
91 45
35 353
36 349
62 202
17 444
98 6
71 147
60 211
96 13
51 262
77 112
88 62
84 81
3 520
92 33
49 284
33 368
45 304
98 6
72 140
15 454
51 262
93 26
5 511
52 253
55 241
5 511
10 480
48 288
51 262
59 217
28 391
0 533
2 523
99 1
75 121
34 362
98 6
49 284
72 140
75 121
71 147
65 179
45 304
22 417
70 154
77 112
45 304
93 26
6 502
31 374
48 288
22 417
45 304
67 170
61 206
64 185
14 460
72 140
51 262
13 466
1 526
61 206
1 526
81 95
20 430
95 16
57 230
0 533
52 253
69 161
78 108
69 161
96 13
45 304
56 236
49 284
74 127
65 179
9 488
14 460
37 345
73 132
50 277
2 523
66 174
27 399
59 217
46 301
53 250
30 380
55 241
34 362
0 533
95 16
70 154
64 185
72 140
40 333
56 236
60 211
79 105
0 533
70 154
98 6
12 471
8 491
35 353
54 247
71 147
50 277
88 62
8 491
91 45
51 262
12 471
80 100
63 194
17 444
31 374
91 45
17 444
7 498
37 345
63 194
85 76
77 112
78 108
42 323
14 460
79 105
91 45
86 70
92 33
24 410
20 430
29 385
21 422
14 460
28 391
20 430
45 304
39 336
52 253
94 19
68 166
31 374
3 520
72 140
47 296
61 206
29 385
34 362
93 26
92 33
15 454
43 314
87 65
7 498
86 70
62 202
86 70
26 404
84 81
5 511
1 526
74 127
59 217
31 374
34 362
54 247
19 435
17 444
41 327
57 230
87 65
0 533
42 323
8 491
63 194
17 444
58 224
64 185
24 410
84 81
82 90
11 473
71 147
