2 62 3
5 54 4
14 96 13
45 62 -1
6 18 9
7 9 8
11 7 26
20 14 34
10 40 15
18 28 57
69 3 16
58 0 -1
49 99 -1
17 95 43
48 54 -1
94 5 27
19 86 22
24 21 21
23 69 28
64 12 25
33 28 -1
41 91 62
30 63 35
40 21 -1
-1 14 -1
38 8 51
76 7 -1
46 70 29
31 78 39
-1 63 -1
32 77 -1
-1 71 36
42 25 54
37 17 61
53 68 -1
50 76 81
-1 15 -1
-1 8 -1
47 86 -1
88 19 83
44 89 67
52 22 -1
97 96 -1
-1 88 56
70 60 100
-1 70 -1
-1 82 68
60 53 -1
-1 97 -1
-1 72 -1
55 9 -1
-1 22 -1
-1 64 71
89 27 -1
-1 9 -1
59 89 -1
72 40 -1
-1 0 -1
-1 89 -1
-1 42 63
87 18 -1
-1 92 95
65 52 -1
77 12 -1
66 50 82
73 50 -1
79 91 -1
-1 83 74
-1 3 -1
78 58 -1
-1 65 91
-1 29 80
-1 43 75
-1 85 85
84 50 -1
-1 6 -1
-1 10 99
-1 58 -1
-1 90 -1
-1 33 86
96 77 -1
-1 52 -1
92 20 -1
-1 48 -1
-1 86 -1
90 37 -1
-1 18 -1
-1 19 -1
-1 26 -1
-1 35 98
-1 68 -1
93 20 -1
-1 20 -1
-1 5 -1
-1 93 -1
-1 77 -1
-1 96 -1
-1 36 -1
-1 12 -1
-1 62 -1
