2 80 6
3 67 10
4 11 5
8 4 13
16 26 7
11 88 22
12 50 9
23 1 14
19 63 41
34 72 15
54 86 55
29 34 17
79 6 26
-1 4 -1
52 77 49
30 12 18
28 38 25
94 16 21
20 52 46
66 51 45
24 20 38
35 95 37
60 1 -1
33 19 -1
27 47 96
36 8 53
63 44 43
-1 35 39
99 28 31
-1 12 -1
32 32 50
77 29 57
68 19 -1
61 71 91
44 92 40
-1 7 -1
-1 97 -1
72 24 -1
48 37 -1
87 93 51
42 64 47
56 64 -1
85 47 -1
74 91 76
-1 52 -1
64 61 58
80 67 -1
-1 36 -1
95 79 81
70 33 75
71 95 -1
-1 74 86
-1 11 -1
65 84 -1
84 88 -1
-1 64 -1
-1 30 59
69 62 -1
-1 31 -1
-1 1 -1
-1 70 62
-1 71 -1
-1 39 67
-1 55 82
-1 83 -1
-1 51 -1
-1 42 73
-1 17 -1
-1 62 -1
-1 33 -1
90 94 -1
-1 24 -1
-1 43 -1
-1 89 89
-1 34 -1
-1 92 -1
78 29 -1
-1 29 -1
-1 5 83
-1 65 -1
93 80 -1
98 58 100
-1 6 -1
-1 88 -1
88 47 -1
-1 75 92
-1 93 -1
-1 47 -1
-1 91 -1
-1 94 -1
-1 72 -1
-1 76 -1
-1 80 -1
-1 13 -1
-1 78 -1
97 50 -1
-1 50 -1
-1 58 -1
-1 28 -1
-1 60 -1
