2 36 4
51 3 3
5 23 8
6 63 10
93 5 7
12 63 -1
40 7 9
13 32 28
21 19 19
26 76 11
27 87 14
16 48 17
15 28 72
18 96 81
41 25 -1
24 40 48
55 50 20
63 91 60
30 23 -1
50 55 25
-1 8 22
23 16 44
47 16 -1
31 40 -1
38 62 -1
29 74 74
45 78 32
42 36 -1
35 70 34
39 23 -1
-1 38 -1
33 85 87
-1 81 84
36 72 61
43 68 37
-1 71 -1
53 69 86
46 62 -1
65 22 -1
-1 6 -1
90 24 -1
-1 33 -1
62 66 75
-1 17 82
-1 77 69
-1 59 88
49 13 57
58 46 -1
56 9 -1
-1 51 54
52 3 -1
-1 1 83
89 69 -1
68 54 -1
-1 49 70
80 9 -1
59 15 94
66 42 76
97 14 -1
-1 92 64
-1 74 -1
-1 66 -1
92 89 73
67 95 85
78 21 -1
77 41 -1
-1 93 -1
-1 54 -1
71 78 -1
-1 50 -1
-1 78 -1
98 32 -1
-1 91 -1
-1 75 -1
99 67 -1
100 43 79
-1 41 -1
-1 20 -1
-1 45 -1
-1 9 -1
96 97 -1
95 19 -1
-1 3 -1
-1 82 91
-1 96 -1
-1 70 -1
-1 87 -1
-1 62 -1
-1 69 -1
-1 24 -1
-1 84 -1
-1 89 -1
-1 5 -1
-1 16 -1
-1 19 -1
-1 97 -1
-1 14 -1
-1 30 -1
-1 67 -1
-1 43 -1
