4 7 2
5 71 3
21 85 6
-1 1 15
8 10 7
41 90 30
9 63 16
20 9 94
10 55 22
11 41 12
19 18 17
14 52 13
69 54 23
26 51 -1
18 4 25
46 69 48
28 32 29
38 4 -1
71 14 47
27 9 -1
33 73 24
78 59 61
-1 55 -1
34 76 39
75 7 -1
-1 49 93
59 9 -1
36 27 50
35 37 55
31 97 40
32 97 -1
67 94 57
52 73 -1
-1 76 -1
37 37 -1
56 23 87
43 35 64
-1 3 -1
42 79 49
44 99 -1
45 88 65
51 79 -1
-1 35 -1
70 99 -1
-1 86 85
84 68 -1
-1 15 -1
-1 70 76
92 80 77
53 29 54
79 79 -1
62 73 -1
-1 28 -1
60 31 73
68 40 90
58 19 83
-1 95 88
-1 19 -1
-1 9 -1
-1 30 66
-1 60 63
-1 73 -1
81 63 -1
97 37 -1
-1 89 -1
-1 31 -1
95 92 -1
98 39 74
-1 54 -1
-1 99 -1
-1 11 72
-1 12 100
-1 32 -1
80 40 -1
89 6 -1
-1 71 -1
-1 81 82
-1 58 -1
-1 78 -1
96 40 -1
-1 61 99
-1 83 86
91 22 -1
-1 67 -1
-1 88 -1
-1 84 -1
-1 25 -1
-1 96 -1
-1 5 -1
-1 41 -1
-1 21 -1
-1 80 -1
-1 51 -1
-1 10 -1
-1 92 -1
-1 40 -1
-1 37 -1
-1 39 -1
-1 62 -1
-1 13 -1
